#
# There is insufficient memory for the Java Runtime Environment to continue.
# Native memory allocation (mmap) failed to map 268435456 bytes. Error detail: G1 virtual space
# Possible reasons:
#   The system is out of physical RAM or swap space
#   This process is running with CompressedOops enabled, and the Java Heap may be blocking the growth of the native heap
# Possible solutions:
#   Reduce memory load on the system
#   Increase physical memory or swap space
#   Check if swap backing store is full
#   Decrease Java heap size (-Xmx/-Xms)
#   Decrease number of Java threads
#   Decrease Java thread stack sizes (-Xss)
#   Set larger code cache with -XX:ReservedCodeCacheSize=
#   JVM is running with Zero Based Compressed Oops mode in which the Java heap is
#     placed in the first 32GB address space. The Java Heap base address is the
#     maximum limit for the native heap growth. Please use -XX:HeapBaseMinAddress
#     to set the Java Heap base and to place the Java Heap above 32GB virtual address.
# This output file may be truncated or incomplete.
#
#  Out of Memory Error (os_windows.cpp:3898), pid=14704, tid=22756
#
# JRE version:  (21.0.6+8) (build )
# Java VM: OpenJDK 64-Bit Server VM (21.0.6+8-b631.39, mixed mode, sharing, tiered, compressed oops, compressed class ptrs, g1 gc, windows-amd64)
# No core dump will be written. Minidumps are not enabled by default on client versions of Windows
#

---------------  S U M M A R Y ------------

Command Line: git4idea.http.GitAskPassApp Username for 'https://github.com': 

Host: Intel(R) Core(TM) i7-6700HQ CPU @ 2.60GHz, 8 cores, 15G,  Windows 11 , 64 bit Build 22000 (10.0.22000.2538)
Time: Wed Aug  6 03:49:46 2025 Egypt Daylight Time elapsed time: 0.018795 seconds (0d 0h 0m 0s)

---------------  T H R E A D  ---------------

Current thread (0x000002600b820bb0):  JavaThread "Unknown thread" [_thread_in_vm, id=22756, stack(0x000000e941700000,0x000000e941800000) (1024K)]

Stack: [0x000000e941700000,0x000000e941800000]
Native frames: (J=compiled Java code, j=interpreted, Vv=VM code, C=native code)
V  [jvm.dll+0x6e5d39]
V  [jvm.dll+0x8c4133]
V  [jvm.dll+0x8c668e]
V  [jvm.dll+0x8c6d73]
V  [jvm.dll+0x288f76]
V  [jvm.dll+0x6e25f5]
V  [jvm.dll+0x6d60aa]
V  [jvm.dll+0x3635bb]
V  [jvm.dll+0x36b186]
V  [jvm.dll+0x3bd4b6]
V  [jvm.dll+0x3bd788]
V  [jvm.dll+0x335d2c]
V  [jvm.dll+0x336a1b]
V  [jvm.dll+0x88b589]
V  [jvm.dll+0x3ca688]
V  [jvm.dll+0x874698]
V  [jvm.dll+0x45f04e]
V  [jvm.dll+0x460d31]
C  [jli.dll+0x52ab]
C  [ucrtbase.dll+0x26c0c]
C  [KERNEL32.DLL+0x153e0]
C  [ntdll.dll+0x485b]


---------------  P R O C E S S  ---------------

Threads class SMR info:
_java_thread_list=0x00007fff13e4a148, length=0, elements={
}

Java Threads: ( => current thread )
Total: 0

Other Threads:
  0x000002600db8dff0 WorkerThread "GC Thread#0"                     [id=9532, stack(0x000000e941800000,0x000000e941900000) (1024K)]
  0x000002600db9ef90 ConcurrentGCThread "G1 Main Marker"            [id=6588, stack(0x000000e941900000,0x000000e941a00000) (1024K)]
  0x000002600dba1aa0 WorkerThread "G1 Conc#0"                       [id=24588, stack(0x000000e941a00000,0x000000e941b00000) (1024K)]

[error occurred during error reporting (printing all threads), id 0xc0000005, EXCEPTION_ACCESS_VIOLATION (0xc0000005) at pc=0x00007fff13538de7]
VM state: not at safepoint (not fully initialized)

VM Mutex/Monitor currently owned by a thread:  ([mutex/lock_event])
[0x00007fff13ebeb30] Heap_lock - owner thread: 0x000002600b820bb0

Heap address: 0x0000000701e00000, size: 4066 MB, Compressed Oops mode: Zero based, Oop shift amount: 3

CDS archive(s) mapped at: [0x0000000000000000-0x0000000000000000-0x0000000000000000), size 0, SharedBaseAddress: 0x0000000800000000, ArchiveRelocationMode: 1.
Narrow klass base: 0x0000000000000000, Narrow klass shift: 0, Narrow klass range: 0x0

GC Precious Log:
 CardTable entry size: 512
 Card Set container configuration: InlinePtr #cards 4 size 8 Array Of Cards #cards 16 size 48 Howl #buckets 8 coarsen threshold 3686 Howl Bitmap #cards 512 size 80 coarsen threshold 460 Card regions per heap region 1 cards per card region 4096

Heap:
 garbage-first heap   total 0K, used 0K [0x0000000701e00000, 0x0000000800000000)
  region size 2048K, 0 young (0K), 0 survivors (0K)
 Metaspace       used 0K, committed 0K, reserved 0K
  class space    used 0K, committed 0K, reserved 0K

Heap Regions: E=young(eden), S=young(survivor), O=old, HS=humongous(starts), HC=humongous(continues), CS=collection set, F=free, TAMS=top-at-mark-start, PB=parsable bottom

Card table byte_map: [0x0000026021610000,0x0000026021e10000] _byte_map_base: 0x000002601de01000

Marking Bits: (CMBitMap*) 0x000002600db8e6f0
 Bits: [0x0000026021e10000, 0x0000026025d98000)

GC Heap History (0 events):
No events

Dll operation events (1 events):
Event: 0.012 Loaded shared library C:\Program Files\JetBrains\WebStorm 2024.3.5\jbr\bin\java.dll

Deoptimization events (0 events):
No events

Classes loaded (0 events):
No events

Classes unloaded (0 events):
No events

Classes redefined (0 events):
No events

Internal exceptions (0 events):
No events

ZGC Phase Switch (0 events):
No events

VM Operations (0 events):
No events

Memory protections (0 events):
No events

Nmethod flushes (0 events):
No events

Events (0 events):
No events


Dynamic libraries:
0x00007ff7ba690000 - 0x00007ff7ba69a000 	C:\Program Files\JetBrains\WebStorm 2024.3.5\jbr\bin\java.exe
0x00007fff6e840000 - 0x00007fff6ea49000 	C:\Windows\SYSTEM32\ntdll.dll
0x00007fff6d6e0000 - 0x00007fff6d79d000 	C:\Windows\System32\KERNEL32.DLL
0x00007fff6bed0000 - 0x00007fff6c254000 	C:\Windows\System32\KERNELBASE.dll
0x00007fff6c570000 - 0x00007fff6c681000 	C:\Windows\System32\ucrtbase.dll
0x00007fff64840000 - 0x00007fff6485b000 	C:\Program Files\JetBrains\WebStorm 2024.3.5\jbr\bin\VCRUNTIME140.dll
0x00007fff4f4a0000 - 0x00007fff4f4b8000 	C:\Program Files\JetBrains\WebStorm 2024.3.5\jbr\bin\jli.dll
0x00007fff6da00000 - 0x00007fff6dbad000 	C:\Windows\System32\USER32.dll
0x00007fff50290000 - 0x00007fff50535000 	C:\Windows\WinSxS\amd64_microsoft.windows.common-controls_6595b64144ccf1df_6.0.22000.120_none_9d947278b86cc467\COMCTL32.dll
0x00007fff6bd70000 - 0x00007fff6bd96000 	C:\Windows\System32\win32u.dll
0x00007fff6d950000 - 0x00007fff6d9f3000 	C:\Windows\System32\msvcrt.dll
0x00007fff6e7d0000 - 0x00007fff6e7fa000 	C:\Windows\System32\GDI32.dll
0x00007fff6c2e0000 - 0x00007fff6c3fe000 	C:\Windows\System32\gdi32full.dll
0x00007fff6bcd0000 - 0x00007fff6bd6d000 	C:\Windows\System32\msvcp_win.dll
0x00007fff6dc90000 - 0x00007fff6dcc1000 	C:\Windows\System32\IMM32.DLL
0x00007fff648d0000 - 0x00007fff648dc000 	C:\Program Files\JetBrains\WebStorm 2024.3.5\jbr\bin\vcruntime140_1.dll
0x00007fff34e80000 - 0x00007fff34f0d000 	C:\Program Files\JetBrains\WebStorm 2024.3.5\jbr\bin\msvcp140.dll
0x00007fff131f0000 - 0x00007fff13fb1000 	C:\Program Files\JetBrains\WebStorm 2024.3.5\jbr\bin\server\jvm.dll
0x00007fff6e500000 - 0x00007fff6e5ae000 	C:\Windows\System32\ADVAPI32.dll
0x00007fff6d5c0000 - 0x00007fff6d65e000 	C:\Windows\System32\sechost.dll
0x00007fff6e370000 - 0x00007fff6e491000 	C:\Windows\System32\RPCRT4.dll
0x00007fff6cb10000 - 0x00007fff6cb7f000 	C:\Windows\System32\WS2_32.dll
0x00007fff6b2b0000 - 0x00007fff6b2fd000 	C:\Windows\SYSTEM32\POWRPROF.dll
0x00007fff5a670000 - 0x00007fff5a67a000 	C:\Windows\SYSTEM32\VERSION.dll
0x00007fff624e0000 - 0x00007fff62513000 	C:\Windows\SYSTEM32\WINMM.dll
0x00007fff6b180000 - 0x00007fff6b193000 	C:\Windows\SYSTEM32\UMPDC.dll
0x00007fff6ad00000 - 0x00007fff6ad18000 	C:\Windows\SYSTEM32\kernel.appcore.dll
0x00007fff62ab0000 - 0x00007fff62aba000 	C:\Program Files\JetBrains\WebStorm 2024.3.5\jbr\bin\jimage.dll
0x00007fff69820000 - 0x00007fff69a41000 	C:\Windows\SYSTEM32\DBGHELP.DLL
0x00007fff4efb0000 - 0x00007fff4efe1000 	C:\Windows\SYSTEM32\dbgcore.DLL
0x00007fff6c260000 - 0x00007fff6c2df000 	C:\Windows\System32\bcryptPrimitives.dll
0x00007fff59c90000 - 0x00007fff59cb0000 	C:\Program Files\JetBrains\WebStorm 2024.3.5\jbr\bin\java.dll

dbghelp: loaded successfully - version: 4.0.5 - missing functions: none
symbol engine: initialized successfully - sym options: 0x614 - pdb path: .;C:\Program Files\JetBrains\WebStorm 2024.3.5\jbr\bin;C:\Windows\SYSTEM32;C:\Windows\WinSxS\amd64_microsoft.windows.common-controls_6595b64144ccf1df_6.0.22000.120_none_9d947278b86cc467;C:\Program Files\JetBrains\WebStorm 2024.3.5\jbr\bin\server

VM Arguments:
java_command: git4idea.http.GitAskPassApp Username for 'https://github.com': 
java_class_path (initial): C:/Program Files/JetBrains/WebStorm 2024.3.5/plugins/vcs-git/lib/git4idea-rt.jar;C:/Program Files/JetBrains/WebStorm 2024.3.5/lib/externalProcess-rt.jar
Launcher Type: SUN_STANDARD

[Global flags]
     intx CICompilerCount                          = 4                                         {product} {ergonomic}
     uint ConcGCThreads                            = 2                                         {product} {ergonomic}
     uint G1ConcRefinementThreads                  = 8                                         {product} {ergonomic}
   size_t G1HeapRegionSize                         = 2097152                                   {product} {ergonomic}
    uintx GCDrainStackTargetSize                   = 64                                        {product} {ergonomic}
   size_t InitialHeapSize                          = 268435456                                 {product} {ergonomic}
   size_t MarkStackSize                            = 4194304                                   {product} {ergonomic}
   size_t MaxHeapSize                              = 4263510016                                {product} {ergonomic}
   size_t MinHeapDeltaBytes                        = 2097152                                   {product} {ergonomic}
   size_t MinHeapSize                              = 8388608                                   {product} {ergonomic}
    uintx NonNMethodCodeHeapSize                   = 5839372                                {pd product} {ergonomic}
    uintx NonProfiledCodeHeapSize                  = 122909434                              {pd product} {ergonomic}
    uintx ProfiledCodeHeapSize                     = 122909434                              {pd product} {ergonomic}
    uintx ReservedCodeCacheSize                    = 251658240                              {pd product} {ergonomic}
     bool SegmentedCodeCache                       = true                                      {product} {ergonomic}
   size_t SoftMaxHeapSize                          = 4263510016                             {manageable} {ergonomic}
     bool UseCompressedOops                        = true                           {product lp64_product} {ergonomic}
     bool UseG1GC                                  = true                                      {product} {ergonomic}
     bool UseLargePagesIndividualAllocation        = false                                  {pd product} {ergonomic}

Logging:
Log output configuration:
 #0: stdout all=warning uptime,level,tags foldmultilines=false
 #1: stderr all=off uptime,level,tags foldmultilines=false

Environment Variables:
PATH=C:\Program Files\Git\mingw64\libexec\git-core;C:\Program Files\Git\mingw64\libexec\git-core;C:\Program Files\Git\mingw64\bin;C:\Program Files\Git\usr\bin;C:\Users\handsa\bin;C:\Program Files\Common Files\Oracle\Java\javapath;C:\Windows\system32;C:\Windows;C:\Windows\System32\Wbem;C:\Windows\System32\WindowsPowerShell\v1.0;C:\Windows\System32\OpenSSH;C:\Program Files (x86)\Microsoft SQL Server\160\Tools\Binn;C:\Program Files\Microsoft SQL Server\160\Tools\Binn;C:\Program Files\Microsoft SQL Server\Client SDK\ODBC\170\Tools\Binn;C:\Program Files\Microsoft SQL Server\160\DTS\Binn;C:\Program Files (x86)\Microsoft SQL Server\160\DTS\Binn;C:\Program Files\Git\cmd;C:\Program Files (x86)\Windows Kits\10\Windows Performance Toolkit;C:\Program Files\nodejs;C:\Users\handsa\AppData\Local\Programs\Python\Launcher;C:\Users\handsa\AppData\Local\Microsoft\WindowsApps;C:\Program Files\JetBrains\IntelliJ IDEA Community Edition 2024.3.5\bin;C:\Program Files\JetBrains\WebStorm 2024.3.5\bin;C:\Users\handsa\AppData\Local\Programs\cursor\resources\app\bin;C:\Users\handsa\AppData\Roaming\npm
USERNAME=handsa
DISPLAY=:0.0
LC_ALL=en_US.UTF-8
TERM=xterm-256color
TMPDIR=C:\Users\handsa\AppData\Local\Temp
OS=Windows_NT
PROCESSOR_IDENTIFIER=Intel64 Family 6 Model 94 Stepping 3, GenuineIntel
TMP=C:\Users\handsa\AppData\Local\Temp
TEMP=C:\Users\handsa\AppData\Local\Temp




Periodic native trim disabled

JNI global refs:
JNI global refs: 0, weak refs: 0

JNI global refs memory usage: 0, weak refs: 0

Process memory usage:
Resident Set Size: 11028K (0% of 16653972K total physical memory with 413836K free physical memory)

OOME stack traces (most recent first):
Classloader memory used:

---------------  S Y S T E M  ---------------

OS:
 Windows 11 , 64 bit Build 22000 (10.0.22000.2538)
OS uptime: 1 days 12:07 hours
Hyper-V role detected

CPU: total 8 (initial active 8) (4 cores per cpu, 2 threads per core) family 6 model 94 stepping 3 microcode 0xf0, cx8, cmov, fxsr, ht, mmx, 3dnowpref, sse, sse2, sse3, ssse3, sse4.1, sse4.2, popcnt, lzcnt, tsc, tscinvbit, avx, avx2, aes, erms, clmul, bmi1, bmi2, rtm, adx, fma, vzeroupper, clflush, clflushopt, hv, rdtscp, f16c
Processor Information for processor 0
  Max Mhz: 2592, Current Mhz: 2592, Mhz Limit: 2592
Processor Information for processor 1
  Max Mhz: 2592, Current Mhz: 2592, Mhz Limit: 2592
Processor Information for processor 2
  Max Mhz: 2592, Current Mhz: 1495, Mhz Limit: 2592
Processor Information for processor 3
  Max Mhz: 2592, Current Mhz: 1495, Mhz Limit: 2592
Processor Information for processor 4
  Max Mhz: 2592, Current Mhz: 2592, Mhz Limit: 2592
Processor Information for processor 5
  Max Mhz: 2592, Current Mhz: 2592, Mhz Limit: 2592
Processor Information for processor 6
  Max Mhz: 2592, Current Mhz: 2592, Mhz Limit: 2592
Processor Information for processor 7
  Max Mhz: 2592, Current Mhz: 1495, Mhz Limit: 2592

Memory: 4k page, system-wide physical 16263M (404M free)
TotalPageFile size 28688M (AvailPageFile size 159M)
current process WorkingSet (physical memory assigned to process): 10M, peak: 10M
current process commit charge ("private bytes"): 60M, peak: 316M

vm_info: OpenJDK 64-Bit Server VM (21.0.6+8-b631.39) for windows-amd64 JRE (21.0.6+8-b631.39), built on 2025-02-04 by "builduser" with MS VC++ 16.10 / 16.11 (VS2019)

END.
